Library/Bee/Android/Prj/Mono2x/Gradle/launcher/build/intermediates/manifest_merge_blame_file/release/manifest-merger-blame-release-report.txt
1<?xml version="1.0" encoding="utf-8"?>
2<manifest xmlns:android="http://schemas.android.com/apk/res/android"
3    package="com.UnityTechnologies.com.unity.template.urpblank"
4    android:installLocation="preferExternal"
5    android:versionCode="1"
6    android:versionName="0.1.0" >
7
8    <uses-sdk
9        android:minSdkVersion="31"
9-->src\main\AndroidManifest.xml
10        android:targetSdkVersion="34" />
10-->src\main\AndroidManifest.xml
11
12    <supports-screens
12-->src\main\AndroidManifest.xml:4:3-163
13        android:anyDensity="true"
13-->src\main\AndroidManifest.xml:4:135-160
14        android:largeScreens="true"
14-->src\main\AndroidManifest.xml:4:78-105
15        android:normalScreens="true"
15-->src\main\AndroidManifest.xml:4:49-77
16        android:smallScreens="true"
16-->src\main\AndroidManifest.xml:4:21-48
17        android:xlargeScreens="true" />
17-->src\main\AndroidManifest.xml:4:106-134
18
19    <uses-permission android:name="android.permission.INTERNET" />
19-->[:unityLibrary] AndroidManifest.xml:8:5-67
19-->[:unityLibrary] AndroidManifest.xml:8:22-64
20    <uses-permission android:name="android.permission.RECORD_AUDIO" />
20-->[:unityLibrary] AndroidManifest.xml:9:5-71
20-->[:unityLibrary] AndroidManifest.xml:9:22-68
21    <uses-permission android:name="android.permission.MODIFY_AUDIO_SETTINGS" />
21-->[:unityLibrary] AndroidManifest.xml:10:5-80
21-->[:unityLibrary] AndroidManifest.xml:10:22-77
22    <uses-permission android:name="android.permission.BLUETOOTH" />
22-->[:unityLibrary] AndroidManifest.xml:11:5-68
22-->[:unityLibrary] AndroidManifest.xml:11:22-65
23
24    <uses-feature
24-->[:unityLibrary] AndroidManifest.xml:13:5-54
25        android:glEsVersion="0x00030000"
25-->[:unityLibrary] AndroidManifest.xml:13:19-51
26        android:required="true" />
26-->[:GfxPluginCardboard:] AndroidManifest.xml:13:9-32
27    <uses-feature
27-->[:unityLibrary] AndroidManifest.xml:14:5-16:36
28        android:name="android.hardware.microphone"
28-->[:unityLibrary] AndroidManifest.xml:15:9-51
29        android:required="false" />
29-->[:unityLibrary] AndroidManifest.xml:16:9-33
30    <uses-feature
30-->[:unityLibrary] AndroidManifest.xml:17:5-19:36
31        android:name="android.hardware.touchscreen"
31-->[:unityLibrary] AndroidManifest.xml:18:9-52
32        android:required="false" />
32-->[:unityLibrary] AndroidManifest.xml:19:9-33
33    <uses-feature
33-->[:unityLibrary] AndroidManifest.xml:20:5-22:36
34        android:name="android.hardware.touchscreen.multitouch"
34-->[:unityLibrary] AndroidManifest.xml:21:9-63
35        android:required="false" />
35-->[:unityLibrary] AndroidManifest.xml:22:9-33
36    <uses-feature
36-->[:unityLibrary] AndroidManifest.xml:23:5-25:36
37        android:name="android.hardware.touchscreen.multitouch.distinct"
37-->[:unityLibrary] AndroidManifest.xml:24:9-72
38        android:required="false" />
38-->[:unityLibrary] AndroidManifest.xml:25:9-33
39
40    <uses-permission android:name="android.permission.CAMERA" />
40-->[:GfxPluginCardboard:] AndroidManifest.xml:15:5-65
40-->[:GfxPluginCardboard:] AndroidManifest.xml:15:22-62
41    <uses-permission android:name="android.permission.WRITE_EXTERNAL_STORAGE" />
41-->[:GfxPluginCardboard:] AndroidManifest.xml:16:5-81
41-->[:GfxPluginCardboard:] AndroidManifest.xml:16:22-78
42    <uses-permission android:name="android.permission.NFC" />
42-->[:GfxPluginCardboard:] AndroidManifest.xml:18:5-62
42-->[:GfxPluginCardboard:] AndroidManifest.xml:18:22-59
43    <uses-permission android:name="android.permission.READ_EXTERNAL_STORAGE" />
44
45    <permission
45-->[androidx.core:core:1.13.0] AndroidManifest.xml:22:5-24:47
46        android:name="com.UnityTechnologies.com.unity.template.urpblank.DYNAMIC_RECEIVER_NOT_EXPORTED_PERMISSION"
46-->[androidx.core:core:1.13.0] AndroidManifest.xml:23:9-81
47        android:protectionLevel="signature" />
47-->[androidx.core:core:1.13.0] AndroidManifest.xml:24:9-44
48
49    <uses-permission android:name="com.UnityTechnologies.com.unity.template.urpblank.DYNAMIC_RECEIVER_NOT_EXPORTED_PERMISSION" />
49-->[androidx.core:core:1.13.0] AndroidManifest.xml:26:5-97
49-->[androidx.core:core:1.13.0] AndroidManifest.xml:26:22-94
50
51    <application
51-->src\main\AndroidManifest.xml:3:3-83
52        android:appComponentFactory="androidx.core.app.CoreComponentFactory"
52-->[androidx.core:core:1.13.0] AndroidManifest.xml:28:18-86
53        android:extractNativeLibs="true"
53-->[:unityLibrary] AndroidManifest.xml:28:9-41
54        android:icon="@mipmap/app_icon"
54-->src\main\AndroidManifest.xml:3:49-80
55        android:label="@string/app_name"
55-->src\main\AndroidManifest.xml:3:16-48
56        android:requestLegacyExternalStorage="true" >
56-->[:unityLibrary] AndroidManifest.xml:29:9-52
57        <meta-data
57-->[:unityLibrary] AndroidManifest.xml:30:9-32:33
58            android:name="unity.splash-mode"
58-->[:unityLibrary] AndroidManifest.xml:31:13-45
59            android:value="0" />
59-->[:unityLibrary] AndroidManifest.xml:32:13-30
60        <meta-data
60-->[:unityLibrary] AndroidManifest.xml:33:9-35:36
61            android:name="unity.splash-enable"
61-->[:unityLibrary] AndroidManifest.xml:34:13-47
62            android:value="True" />
62-->[:unityLibrary] AndroidManifest.xml:35:13-33
63        <meta-data
63-->[:unityLibrary] AndroidManifest.xml:36:9-38:36
64            android:name="unity.launch-fullscreen"
64-->[:unityLibrary] AndroidManifest.xml:37:13-51
65            android:value="True" />
65-->[:unityLibrary] AndroidManifest.xml:38:13-33
66        <meta-data
66-->[:unityLibrary] AndroidManifest.xml:39:9-41:36
67            android:name="unity.render-outside-safearea"
67-->[:unityLibrary] AndroidManifest.xml:40:13-57
68            android:value="True" />
68-->[:unityLibrary] AndroidManifest.xml:41:13-33
69        <meta-data
69-->[:unityLibrary] AndroidManifest.xml:42:9-44:50
70            android:name="notch.config"
70-->[:unityLibrary] AndroidManifest.xml:43:13-40
71            android:value="portrait|landscape" />
71-->[:unityLibrary] AndroidManifest.xml:44:13-47
72        <meta-data
72-->[:unityLibrary] AndroidManifest.xml:45:9-47:36
73            android:name="unity.auto-report-fully-drawn"
73-->[:unityLibrary] AndroidManifest.xml:46:13-57
74            android:value="true" />
74-->[:unityLibrary] AndroidManifest.xml:47:13-33
75
76        <activity
76-->[:unityLibrary] AndroidManifest.xml:49:9-70:20
77            android:name="com.unity3d.player.UnityPlayerActivity"
77-->[:unityLibrary] AndroidManifest.xml:50:13-66
78            android:configChanges="mcc|mnc|locale|touchscreen|keyboard|keyboardHidden|navigation|orientation|screenLayout|uiMode|screenSize|smallestScreenSize|fontScale|layoutDirection|density"
78-->[:unityLibrary] AndroidManifest.xml:51:13-194
79            android:exported="true"
79-->[:unityLibrary] AndroidManifest.xml:52:13-36
80            android:hardwareAccelerated="false"
80-->[:unityLibrary] AndroidManifest.xml:53:13-48
81            android:launchMode="singleTask"
81-->[:unityLibrary] AndroidManifest.xml:54:13-44
82            android:resizeableActivity="false"
82-->[:unityLibrary] AndroidManifest.xml:55:13-47
83            android:screenOrientation="landscape"
83-->[:unityLibrary] AndroidManifest.xml:56:13-50
84            android:theme="@style/UnityThemeSelector" >
84-->[:unityLibrary] AndroidManifest.xml:57:13-54
85            <intent-filter>
85-->[:unityLibrary] AndroidManifest.xml:58:13-62:29
86                <category android:name="android.intent.category.LAUNCHER" />
86-->[:unityLibrary] AndroidManifest.xml:59:17-77
86-->[:unityLibrary] AndroidManifest.xml:59:27-74
87
88                <action android:name="android.intent.action.MAIN" />
88-->[:unityLibrary] AndroidManifest.xml:61:17-69
88-->[:unityLibrary] AndroidManifest.xml:61:25-66
89            </intent-filter>
90
91            <meta-data
91-->[:unityLibrary] AndroidManifest.xml:64:13-66:40
92                android:name="unityplayer.UnityActivity"
92-->[:unityLibrary] AndroidManifest.xml:65:17-57
93                android:value="true" />
93-->[:unityLibrary] AndroidManifest.xml:66:17-37
94            <meta-data
94-->[:unityLibrary] AndroidManifest.xml:67:13-69:40
95                android:name="notch_support"
95-->[:unityLibrary] AndroidManifest.xml:68:17-45
96                android:value="true" />
96-->[:unityLibrary] AndroidManifest.xml:69:17-37
97        </activity>
98        <activity
98-->[:GfxPluginCardboard:] AndroidManifest.xml:21:9-25:66
99            android:name="com.google.cardboard.sdk.QrCodeCaptureActivity"
99-->[:GfxPluginCardboard:] AndroidManifest.xml:22:13-74
100            android:exported="false"
100-->[:GfxPluginCardboard:] AndroidManifest.xml:23:13-37
101            android:label="@string/title_activity_qr_code_capture"
101-->[:GfxPluginCardboard:] AndroidManifest.xml:24:13-67
102            android:theme="@style/Theme.AppCompat.NoActionBar" />
102-->[:GfxPluginCardboard:] AndroidManifest.xml:25:13-63
103        <!--
104          Activity whose sole purpose is to update Cardboard device params when a Cardboard V1
105          NFC tag is detected.
106        -->
107        <activity
107-->[:GfxPluginCardboard:] AndroidManifest.xml:31:9-44:20
108            android:name="com.google.cardboard.sdk.HeadsetDetectionActivity"
108-->[:GfxPluginCardboard:] AndroidManifest.xml:32:13-77
109            android:exported="true"
109-->[:GfxPluginCardboard:] AndroidManifest.xml:33:13-36
110            android:label="@string/headset_detection_activity_title" >
110-->[:GfxPluginCardboard:] AndroidManifest.xml:34:13-69
111
112            <!-- Handles the Cardboard V1 NFC tag released at Google I/O 2014. -->
113            <intent-filter>
113-->[:GfxPluginCardboard:] AndroidManifest.xml:37:13-43:29
114                <action android:name="android.nfc.action.NDEF_DISCOVERED" />
114-->[:GfxPluginCardboard:] AndroidManifest.xml:38:17-77
114-->[:GfxPluginCardboard:] AndroidManifest.xml:38:25-74
115
116                <category android:name="android.intent.category.DEFAULT" />
116-->[:GfxPluginCardboard:] AndroidManifest.xml:40:17-76
116-->[:GfxPluginCardboard:] AndroidManifest.xml:40:27-73
117
118                <data android:scheme="cardboard" />
118-->[:GfxPluginCardboard:] AndroidManifest.xml:42:17-52
118-->[:GfxPluginCardboard:] AndroidManifest.xml:42:23-49
119            </intent-filter>
120        </activity>
121        <activity
121-->[com.google.android.gms:play-services-base:17.4.0] AndroidManifest.xml:23:9-26:75
122            android:name="com.google.android.gms.common.api.GoogleApiActivity"
122-->[com.google.android.gms:play-services-base:17.4.0] AndroidManifest.xml:24:13-79
123            android:exported="false"
123-->[com.google.android.gms:play-services-base:17.4.0] AndroidManifest.xml:25:13-37
124            android:theme="@android:style/Theme.Translucent.NoTitleBar" />
124-->[com.google.android.gms:play-services-base:17.4.0] AndroidManifest.xml:26:13-72
125
126        <meta-data
126-->[com.google.android.gms:play-services-basement:17.4.0] AndroidManifest.xml:23:9-25:69
127            android:name="com.google.android.gms.version"
127-->[com.google.android.gms:play-services-basement:17.4.0] AndroidManifest.xml:24:13-58
128            android:value="@integer/google_play_services_version" />
128-->[com.google.android.gms:play-services-basement:17.4.0] AndroidManifest.xml:25:13-66
129
130        <provider
130-->[androidx.emoji2:emoji2:1.2.0] AndroidManifest.xml:24:9-32:20
131            android:name="androidx.startup.InitializationProvider"
131-->[androidx.emoji2:emoji2:1.2.0] AndroidManifest.xml:25:13-67
132            android:authorities="com.UnityTechnologies.com.unity.template.urpblank.androidx-startup"
132-->[androidx.emoji2:emoji2:1.2.0] AndroidManifest.xml:26:13-68
133            android:exported="false" >
133-->[androidx.emoji2:emoji2:1.2.0] AndroidManifest.xml:27:13-37
134            <meta-data
134-->[androidx.emoji2:emoji2:1.2.0] AndroidManifest.xml:29:13-31:52
135                android:name="androidx.emoji2.text.EmojiCompatInitializer"
135-->[androidx.emoji2:emoji2:1.2.0] AndroidManifest.xml:30:17-75
136                android:value="androidx.startup" />
136-->[androidx.emoji2:emoji2:1.2.0] AndroidManifest.xml:31:17-49
137            <meta-data
137-->[androidx.lifecycle:lifecycle-process:2.6.2] AndroidManifest.xml:29:13-31:52
138                android:name="androidx.lifecycle.ProcessLifecycleInitializer"
138-->[androidx.lifecycle:lifecycle-process:2.6.2] AndroidManifest.xml:30:17-78
139                android:value="androidx.startup" />
139-->[androidx.lifecycle:lifecycle-process:2.6.2] AndroidManifest.xml:31:17-49
140            <meta-data
140-->[androidx.profileinstaller:profileinstaller:1.3.0] AndroidManifest.xml:29:13-31:52
141                android:name="androidx.profileinstaller.ProfileInstallerInitializer"
141-->[androidx.profileinstaller:profileinstaller:1.3.0] AndroidManifest.xml:30:17-85
142                android:value="androidx.startup" />
142-->[androidx.profileinstaller:profileinstaller:1.3.0] AndroidManifest.xml:31:17-49
143        </provider>
144
145        <receiver
145-->[androidx.profileinstaller:profileinstaller:1.3.0] AndroidManifest.xml:34:9-52:20
146            android:name="androidx.profileinstaller.ProfileInstallReceiver"
146-->[androidx.profileinstaller:profileinstaller:1.3.0] AndroidManifest.xml:35:13-76
147            android:directBootAware="false"
147-->[androidx.profileinstaller:profileinstaller:1.3.0] AndroidManifest.xml:36:13-44
148            android:enabled="true"
148-->[androidx.profileinstaller:profileinstaller:1.3.0] AndroidManifest.xml:37:13-35
149            android:exported="true"
149-->[androidx.profileinstaller:profileinstaller:1.3.0] AndroidManifest.xml:38:13-36
150            android:permission="android.permission.DUMP" >
150-->[androidx.profileinstaller:profileinstaller:1.3.0] AndroidManifest.xml:39:13-57
151            <intent-filter>
151-->[androidx.profileinstaller:profileinstaller:1.3.0] AndroidManifest.xml:40:13-42:29
152                <action android:name="androidx.profileinstaller.action.INSTALL_PROFILE" />
152-->[androidx.profileinstaller:profileinstaller:1.3.0] AndroidManifest.xml:41:17-91
152-->[androidx.profileinstaller:profileinstaller:1.3.0] AndroidManifest.xml:41:25-88
153            </intent-filter>
154            <intent-filter>
154-->[androidx.profileinstaller:profileinstaller:1.3.0] AndroidManifest.xml:43:13-45:29
155                <action android:name="androidx.profileinstaller.action.SKIP_FILE" />
155-->[androidx.profileinstaller:profileinstaller:1.3.0] AndroidManifest.xml:44:17-85
155-->[androidx.profileinstaller:profileinstaller:1.3.0] AndroidManifest.xml:44:25-82
156            </intent-filter>
157            <intent-filter>
157-->[androidx.profileinstaller:profileinstaller:1.3.0] AndroidManifest.xml:46:13-48:29
158                <action android:name="androidx.profileinstaller.action.SAVE_PROFILE" />
158-->[androidx.profileinstaller:profileinstaller:1.3.0] AndroidManifest.xml:47:17-88
158-->[androidx.profileinstaller:profileinstaller:1.3.0] AndroidManifest.xml:47:25-85
159            </intent-filter>
160            <intent-filter>
160-->[androidx.profileinstaller:profileinstaller:1.3.0] AndroidManifest.xml:49:13-51:29
161                <action android:name="androidx.profileinstaller.action.BENCHMARK_OPERATION" />
161-->[androidx.profileinstaller:profileinstaller:1.3.0] AndroidManifest.xml:50:17-95
161-->[androidx.profileinstaller:profileinstaller:1.3.0] AndroidManifest.xml:50:25-92
162            </intent-filter>
163        </receiver>
164    </application>
165
166</manifest>